Enter discriminant bound (positive or negative): Positive discriminants  up  to 200
49	[1,-1,-2,1]	----------->	[1,-1,-2,1]
81	[1,0,-3,1]	----------->	[1,0,-3,1]
108	[1,0,-3,0]	----------->	[1,0,-3,0]
117	[1,1,-3,0]	----------->	[0,-3,-1,1]
125	[1,-1,-3,2]	----------->	[1,2,-2,-1]
148	[1,0,-4,2]	----------->	[1,-1,-3,1]
148	[1,1,-3,-1]	----------->	[1,1,-3,-1]
169	[1,1,-4,1]	----------->	[1,1,-4,1]
Enter discriminant bound (positive or negative): Negative discriminants down to 200
-23	[1,-1,0,1]	----------->	[1,-1,0,1]
-23	[1,0,-1,1]	----------->	[1,1,0,1]
-27	[1,0,0,1]	----------->	[1,0,0,1]
-31	[1,1,-2,1]	----------->	[1,-1,0,1]
-31	[1,1,0,1]	----------->	[1,1,0,1]
-44	[1,1,-1,1]	----------->	[1,1,-1,1]
-59	[1,-1,-1,2]	----------->	[1,2,0,1]
-76	[1,0,-2,2]	----------->	[1,3,1,1]
-83	[1,-1,-3,4]	----------->	[1,2,-2,1]
-87	[1,-1,-2,3]	----------->	[1,2,-1,1]
-100	[1,-1,0,2]	----------->	[1,-1,0,2]
-104	[1,0,-1,2]	----------->	[1,0,-1,2]
-107	[1,1,-3,2]	----------->	[1,4,2,1]
-108	[1,0,0,2]	----------->	[1,0,0,2]
-116	[1,1,0,2]	----------->	[1,1,0,2]
-135	[1,0,-3,3]	----------->	[1,3,0,1]
-147	[1,1,-1,2]	----------->	[1,1,-1,2]
-152	[1,1,-2,2]	----------->	[1,1,-2,2]
-172	[1,-1,-1,3]	----------->	[1,2,0,2]
-175	[1,0,-5,5]	----------->	[1,3,-2,1]
-176	[1,0,-4,4]	----------->	[1,3,-1,1]
-199	[1,1,-4,3]	----------->	[1,4,1,1]
-200	[2,2,-1,1]	----------->	[1,1,-2,2]
Enter discriminant bound (positive or negative): 
