    11 a   1 [0,-1,1,-10,-20]	0	5	5	1.26920930427955	0.253841860855911	1	1
    11 a   2 [0,-1,1,-7820,-263580]	0	1	1	0.253841860855911	0.253841860855911	1	1
    11 a   3 [0,-1,1,0,0]	0	5	1	6.34604652139777	0.253841860855911	1	1
    37 a   1 [0,0,1,-1,0]	1	1	1	5.98691729246392	0.305999773800085	0.0511114082399688	0.999999999888997
    37 b   1 [0,1,1,-23,-50]	0	3	3	2.17704318580846	0.725681061936153	1	1
    37 b   2 [0,1,1,-3,1]	0	3	1	6.53112955742537	0.725681061936153	1	1
    37 b   3 [0,1,1,-1873,-31833]	0	1	1	0.725681061936587	0.725681061936153	1	1
    57 a   1 [0,-1,1,-2,2]	1	1	2	5.5555045213725	0.417491639616425	0.0375745927368232	0.999999999856576
    57 b   1 [0,1,1,20,-32]	0	5	10	1.46627397914142	0.586509591656568	1	1
    57 b   2 [0,1,1,-4390,-113432]	0	1	2	0.293254795828284	0.586509591656568	1	1
    57 c   1 [1,0,1,-7,5]	0	4	4	4.34120908907069	1.08530227226767	1	1
    57 c   2 [1,0,1,-102,385]	0	4	4	4.34120908907068	1.08530227226767	1	1
    57 c   3 [1,0,1,8,29]	0	2	2	2.17060454453535	1.08530227226767	1	1
    57 c   4 [1,0,1,-2,-1]	0	2	1	4.34120908907069	1.08530227226767	1	1
    90 a   1 [1,-1,0,6,0]	0	6	12	2.45993537117394	0.81997845705798	1	1
    90 a   2 [1,-1,0,-24,18]	0	6	12	2.45993537117394	0.81997845705798	1	1
    90 a   3 [1,-1,0,-69,-235]	0	2	4	0.81997845705798	0.81997845705798	1	1
    90 a   4 [1,-1,0,-1149,-14707]	0	2	4	0.819978457057981	0.81997845705798	1	1
    90 b   1 [1,-1,1,-8,11]	0	6	12	3.97109425854135	1.32369808618045	1	1
    90 b   2 [1,-1,1,-128,587]	0	6	12	3.97109425854137	1.32369808618045	1	1
    90 b   3 [1,-1,1,52,-53]	0	2	4	1.32369808618045	1.32369808618045	1	1
    90 b   4 [1,-1,1,-218,-269]	0	2	4	1.32369808618045	1.32369808618045	1	1
    90 c   1 [1,-1,1,13,-61]	0	4	16	1.33759599458865	1.33759599458865	1	1
    90 c   2 [1,-1,1,-167,-709]	0	4	16	1.33759599458865	1.33759599458865	1	1
    90 c   3 [1,-1,1,-122,1721]	0	12	144	1.33759599458865	1.33759599458865	1	1
    90 c   4 [1,-1,1,-617,5231]	0	2	4	1.33759599458865	1.33759599458865	1	1
    90 c   5 [1,-1,1,-2597,-50281]	0	2	8	0.668797997294324	1.33759599458865	1	1
    90 c   6 [1,-1,1,-3002,63929]	0	12	144	1.33759599458865	1.33759599458865	1	1
    90 c   7 [1,-1,1,-48002,4059929]	0	6	36	1.33759599458922	1.33759599458865	1	1
    90 c   8 [1,-1,1,-4082,14681]	0	6	72	0.668797997294324	1.33759599458865	1	1
   389 a   1 [0,1,1,-2,0]	2	1	1	4.98042512171011	0.759316500843089	0.152460177943144	1.00000000073048
