See detail? Enter first and last N: 

Table of curves computed from newforms via periods
(reordered to agree with Book for levels up to 1000)
(reordered to agree with LMFDB for levels over 1000)
Retrieving newform data for N = 90
Finished reading newform data for N = 90

Form number 1: 
aplist = [ -1 0 1 2 6 -4 -6 -4 0 -6 -4 8 0 8 0 -6 6 2 -4 -12 ...]
aq = [ 1 1 -1 ]
ap0 = 2, dp0 = 4, np0 = 6
SFE = 1,	L/P = 2/3
lplus = 1, mplus = 1
lminus = 7, mminus = 4
[(-77,2;-3,7),1,1;1]
Finding periods -- via L(f_chi) using twists by 1 and 7
[w_1,w_2] = [(-1.22996768558697,1.14635616957311),(-1.22996768558697,-1.14635616957311)]
tau       = (0.0702834613166298,0.9975270598161) (abs(tau)=1)
w_R = (-2.45993537117394,0)	w_IR = (-1.22996768558697,-1.14635616957311)

c4 = -279
c6 = -1269
After rounding, using factors 3 for c4 and 3 for c6:
ic4 = -279
ic6 = -1269
After fixing: 
ic4 = -279
ic6 = -1269
Lattice type checks OK
Real period checks OK
Imag period checks OK
Curve = 	[1,-1,0,6,0]	N = 90


Form number 2: 
aplist = [ 1 0 -1 2 -6 -4 6 -4 0 6 -4 8 0 8 0 6 -6 2 -4 12 ...]
aq = [ -1 1 1 ]
ap0 = 2, dp0 = 4, np0 = 6
SFE = 1,	L/P = 2/3
lplus = 1, mplus = 1
lminus = 7, mminus = 12
[(-77,2;-3,7),1,1;1]
Finding periods -- via L(f_chi) using twists by 1 and 7
[w_1,w_2] = [(-0,1.42024434873636),(-1.98554712927068,-0.710122174368179)]
tau       = (-0.5,1.39803205767887) (abs(tau)=1.48475372850106)
w_R = (-3.97109425854135,0)	w_IR = (-1.98554712927068,-0.710122174368179)

c4 = 368.999999999999
c6 = -8072.99999999998
After rounding, using factors 3 for c4 and 3 for c6:
ic4 = 369
ic6 = -8073
After fixing: 
ic4 = 369
ic6 = -8073
Lattice type checks OK
Real period checks OK
Imag period checks OK
Curve = 	[1,-1,1,-8,11]	N = 90


Form number 3: 
aplist = [ 1 0 1 -4 0 2 -6 -4 0 6 8 2 6 -4 0 6 0 -10 -4 0 ...]
aq = [ -1 -1 -1 ]
ap0 = -4, dp0 = 24, np0 = 12
SFE = 1,	L/P = 2
lplus = 1, mplus = 1
lminus = 7, mminus = 8
[(13,1;1,7),2,2;1]
Finding periods -- via L(f_chi) using twists by 1 and 7
[w_1,w_2] = [(-0.668797997294324,0.967624114891389),(-0.668797997294324,-0.967624114891389)]
tau       = (-0.353433213646421,0.935459760487624) (abs(tau)=1)
w_R = (-1.33759599458865,0)	w_IR = (-0.668797997294324,-0.967624114891389)

c4 = -638.999999999995
c6 = 49598.9999999999
After rounding, using factors 3 for c4 and 3 for c6:
ic4 = -639
ic6 = 49599
After fixing: 
ic4 = -639
ic6 = 49599
Lattice type checks OK
Real period checks OK
Imag period checks OK
Curve = 	[1,-1,1,13,-61]	N = 90

