Program listnsp: read and display precomputed newforms of arbitrary dimension.

 (reading from directory nsptmp)

>>>> Level 1
0 newforms at level 1

>>>> Level 2
0 newforms at level 2

>>>> Level 3
0 newforms at level 3

>>>> Level 4
0 newforms at level 4

>>>> Level 5
0 newforms at level 5

>>>> Level 6
0 newforms at level 6

>>>> Level 7
0 newforms at level 7

>>>> Level 8
0 newforms at level 8

>>>> Level 9
0 newforms at level 9

>>>> Level 10
0 newforms at level 10

>>>> Level 11
1 newform at level 11 of dimension 1
Newform #1 (11a)
 - Dimension: 1
 - Sign of functional equation = +1
 - Hecke field k_f = Q

Atkin-Lehner eigenvalues:
11:	-1

a_p for first 25 primes:
2:	-2
3:	-1
5:	1
7:	-2
11:	1	(AL eigenvalue = -1)
13:	4
17:	-2
19:	0
23:	-1
29:	0
31:	7
37:	3
41:	-8
43:	-6
47:	8
53:	-6
59:	5
61:	12
67:	-7
71:	-3
73:	4
79:	-10
83:	-6
89:	15
97:	-7


>>>> Level 12
0 newforms at level 12

>>>> Level 13
0 newforms at level 13

>>>> Level 14
1 newform at level 14 of dimension 1
Newform #1 (14a)
 - Dimension: 1
 - Sign of functional equation = +1
 - Hecke field k_f = Q

Atkin-Lehner eigenvalues:
2:	1
7:	-1

a_p for first 25 primes:
2:	-1	(AL eigenvalue = 1)
3:	-2
5:	0
7:	1	(AL eigenvalue = -1)
11:	0
13:	-4
17:	6
19:	2
23:	0
29:	-6
31:	-4
37:	2
41:	6
43:	8
47:	-12
53:	6
59:	-6
61:	8
67:	-4
71:	0
73:	2
79:	8
83:	-6
89:	-6
97:	-10


>>>> Level 15
1 newform at level 15 of dimension 1
Newform #1 (15a)
 - Dimension: 1
 - Sign of functional equation = +1
 - Hecke field k_f = Q

Atkin-Lehner eigenvalues:
3:	1
5:	-1

a_p for first 25 primes:
2:	-1
3:	-1	(AL eigenvalue = 1)
5:	1	(AL eigenvalue = -1)
7:	0
11:	-4
13:	-2
17:	2
19:	4
23:	0
29:	-2
31:	0
37:	-10
41:	10
43:	4
47:	8
53:	-10
59:	-4
61:	-2
67:	12
71:	-8
73:	10
79:	0
83:	12
89:	-6
97:	2


>>>> Level 16
0 newforms at level 16

>>>> Level 17
1 newform at level 17 of dimension 1
Newform #1 (17a)
 - Dimension: 1
 - Sign of functional equation = +1
 - Hecke field k_f = Q

Atkin-Lehner eigenvalues:
17:	-1

a_p for first 25 primes:
2:	-1
3:	0
5:	-2
7:	4
11:	0
13:	-2
17:	1	(AL eigenvalue = -1)
19:	-4
23:	4
29:	6
31:	4
37:	-2
41:	-6
43:	4
47:	0
53:	6
59:	-12
61:	-10
67:	4
71:	-4
73:	-6
79:	12
83:	-4
89:	10
97:	2


>>>> Level 18
0 newforms at level 18

>>>> Level 19
1 newform at level 19 of dimension 1
Newform #1 (19a)
 - Dimension: 1
 - Sign of functional equation = +1
 - Hecke field k_f = Q

Atkin-Lehner eigenvalues:
19:	-1

a_p for first 25 primes:
2:	0
3:	-2
5:	3
7:	-1
11:	3
13:	-4
17:	-3
19:	1	(AL eigenvalue = -1)
23:	0
29:	6
31:	-4
37:	2
41:	-6
43:	-1
47:	-3
53:	12
59:	-6
61:	-1
67:	-4
71:	6
73:	-7
79:	8
83:	12
89:	12
97:	8


>>>> Level 20
1 newform at level 20 of dimension 1
Newform #1 (20a)
 - Dimension: 1
 - Sign of functional equation = +1
 - Hecke field k_f = Q

Atkin-Lehner eigenvalues:
2:	-1
5:	1

a_p for first 25 primes:
2:	0	(AL eigenvalue = -1)
3:	-2
5:	-1	(AL eigenvalue = 1)
7:	2
11:	0
13:	2
17:	-6
19:	-4
23:	6
29:	6
31:	-4
37:	2
41:	6
43:	-10
47:	-6
53:	-6
59:	12
61:	2
67:	2
71:	-12
73:	2
79:	8
83:	6
89:	-6
97:	2


>>>> Level 21
1 newform at level 21 of dimension 1
Newform #1 (21a)
 - Dimension: 1
 - Sign of functional equation = +1
 - Hecke field k_f = Q

Atkin-Lehner eigenvalues:
3:	-1
7:	1

a_p for first 25 primes:
2:	-1
3:	1	(AL eigenvalue = -1)
5:	-2
7:	-1	(AL eigenvalue = 1)
11:	4
13:	-2
17:	-6
19:	4
23:	0
29:	-2
31:	0
37:	6
41:	2
43:	-4
47:	0
53:	6
59:	12
61:	-2
67:	4
71:	0
73:	-6
79:	-16
83:	-12
89:	-14
97:	18


>>>> Level 22
0 newforms at level 22

>>>> Level 23
1 newform at level 23 of dimension 2
Newform #1 (23a)
 - Dimension: 2
 - Sign of functional equation = +1
 - Hecke field k_f = Q(a) = Q[X]/(X^2-X-1)
 - Hecke order is equation order Z[a] with standard basis.

Atkin-Lehner eigenvalues:
23:	-1

a_p for first 25 primes:
2:	[-1,1]
3:	[1,-2]
5:	[-2,2]
7:	[0,2]
11:	[-2,-2]
13:	[3,0]
17:	[4,-2]
19:	[-2,0]
23:	[1,0]	(AL eigenvalue = -1)
29:	[-3,0]
31:	[-3,6]
37:	[2,-2]
41:	[3,-4]
43:	[0,0]
47:	[1,-2]
53:	[-6,4]
59:	[0,4]
61:	[6,-8]
67:	[-6,2]
71:	[9,2]
73:	[13,-4]
79:	[2,-8]
83:	[-12,2]
89:	[-4,-4]
97:	[8,6]


>>>> Level 24
1 newform at level 24 of dimension 1
Newform #1 (24a)
 - Dimension: 1
 - Sign of functional equation = +1
 - Hecke field k_f = Q

Atkin-Lehner eigenvalues:
2:	-1
3:	1

a_p for first 25 primes:
2:	0	(AL eigenvalue = -1)
3:	-1	(AL eigenvalue = 1)
5:	-2
7:	0
11:	4
13:	-2
17:	2
19:	-4
23:	-8
29:	6
31:	8
37:	6
41:	-6
43:	4
47:	0
53:	-2
59:	4
61:	-2
67:	-4
71:	8
73:	10
79:	-8
83:	-4
89:	-6
97:	2


>>>> Level 25
0 newforms at level 25

>>>> Level 26
2 newforms at level 26 of dimensions [ 1 1 ]
Newform #1 (26a)
 - Dimension: 1
 - Sign of functional equation = +1
 - Hecke field k_f = Q

Atkin-Lehner eigenvalues:
2:	1
13:	-1

a_p for first 25 primes:
2:	-1	(AL eigenvalue = 1)
3:	1
5:	-3
7:	-1
11:	6
13:	1	(AL eigenvalue = -1)
17:	-3
19:	2
23:	0
29:	6
31:	-4
37:	-7
41:	0
43:	-1
47:	3
53:	0
59:	-6
61:	8
67:	14
71:	-3
73:	2
79:	8
83:	12
89:	-6
97:	-10

Newform #2 (26b)
 - Dimension: 1
 - Sign of functional equation = +1
 - Hecke field k_f = Q

Atkin-Lehner eigenvalues:
2:	-1
13:	1

a_p for first 25 primes:
2:	1	(AL eigenvalue = -1)
3:	-3
5:	-1
7:	1
11:	-2
13:	-1	(AL eigenvalue = 1)
17:	-3
19:	6
23:	-4
29:	2
31:	4
37:	3
41:	0
43:	-5
47:	13
53:	12
59:	-10
61:	-8
67:	-2
71:	-5
73:	-10
79:	-4
83:	0
89:	6
97:	14


>>>> Level 27
1 newform at level 27 of dimension 1
Newform #1 (27a)
 - Dimension: 1
 - Sign of functional equation = +1
 - Hecke field k_f = Q

Atkin-Lehner eigenvalues:
3:	-1

a_p for first 25 primes:
2:	0
3:	0	(AL eigenvalue = -1)
5:	0
7:	-1
11:	0
13:	5
17:	0
19:	-7
23:	0
29:	0
31:	-4
37:	11
41:	0
43:	8
47:	0
53:	0
59:	0
61:	-1
67:	5
71:	0
73:	-7
79:	17
83:	0
89:	0
97:	-19


>>>> Level 28
0 newforms at level 28

>>>> Level 29
1 newform at level 29 of dimension 2
Newform #1 (29a)
 - Dimension: 2
 - Sign of functional equation = +1
 - Hecke field k_f = Q(a) = Q[X]/(X^2-2)
 - Hecke order is equation order Z[a] with standard basis.

Atkin-Lehner eigenvalues:
29:	-1

a_p for first 25 primes:
2:	[-1,-1]
3:	[1,1]
5:	[-1,0]
7:	[0,-2]
11:	[1,-1]
13:	[-1,-2]
17:	[-2,2]
19:	[6,0]
23:	[-2,4]
29:	[1,0]	(AL eigenvalue = -1)
31:	[3,5]
37:	[-4,0]
41:	[4,-6]
43:	[5,-1]
47:	[1,-3]
53:	[1,6]
59:	[2,-4]
61:	[-2,-2]
67:	[0,4]
71:	[-6,-2]
73:	[4,0]
79:	[-1,-1]
83:	[2,4]
89:	[-4,-6]
97:	[-4,6]


>>>> Level 30
1 newform at level 30 of dimension 1
Newform #1 (30a)
 - Dimension: 1
 - Sign of functional equation = +1
 - Hecke field k_f = Q

Atkin-Lehner eigenvalues:
2:	1
3:	-1
5:	1

a_p for first 25 primes:
2:	-1	(AL eigenvalue = 1)
3:	1	(AL eigenvalue = -1)
5:	-1	(AL eigenvalue = 1)
7:	-4
11:	0
13:	2
17:	6
19:	-4
23:	0
29:	-6
31:	8
37:	2
41:	-6
43:	-4
47:	0
53:	-6
59:	0
61:	-10
67:	-4
71:	0
73:	2
79:	8
83:	12
89:	18
97:	2


>>>> Level 31
1 newform at level 31 of dimension 2
Newform #1 (31a)
 - Dimension: 2
 - Sign of functional equation = +1
 - Hecke field k_f = Q(a) = Q[X]/(X^2-X-1)
 - Hecke order is equation order Z[a] with standard basis.

Atkin-Lehner eigenvalues:
31:	-1

a_p for first 25 primes:
2:	[0,1]
3:	[0,-2]
5:	[1,0]
7:	[-3,2]
11:	[2,0]
13:	[0,-2]
17:	[4,-2]
19:	[1,-2]
23:	[-4,6]
29:	[6,-2]
31:	[1,0]	(AL eigenvalue = -1)
37:	[-2,0]
41:	[7,0]
43:	[-2,2]
47:	[-4,4]
53:	[-4,-4]
59:	[-1,2]
61:	[-8,10]
67:	[8,0]
71:	[7,-10]
73:	[2,4]
79:	[-2,-6]
83:	[-2,-8]
89:	[2,6]
97:	[-3,-8]


>>>> Level 32
1 newform at level 32 of dimension 1
Newform #1 (32a)
 - Dimension: 1
 - Sign of functional equation = +1
 - Hecke field k_f = Q

Atkin-Lehner eigenvalues:
2:	-1

a_p for first 25 primes:
2:	0	(AL eigenvalue = -1)
3:	0
5:	-2
7:	0
11:	0
13:	6
17:	2
19:	0
23:	0
29:	-10
31:	0
37:	-2
41:	10
43:	0
47:	0
53:	14
59:	0
61:	-10
67:	0
71:	0
73:	-6
79:	0
83:	0
89:	10
97:	18


>>>> Level 33
1 newform at level 33 of dimension 1
Newform #1 (33a)
 - Dimension: 1
 - Sign of functional equation = +1
 - Hecke field k_f = Q

Atkin-Lehner eigenvalues:
3:	1
11:	-1

a_p for first 25 primes:
2:	1
3:	-1	(AL eigenvalue = 1)
5:	-2
7:	4
11:	1	(AL eigenvalue = -1)
13:	-2
17:	-2
19:	0
23:	8
29:	-6
31:	-8
37:	6
41:	-2
43:	0
47:	8
53:	6
59:	-4
61:	6
67:	-4
71:	0
73:	-14
79:	-4
83:	12
89:	-6
97:	2


>>>> Level 34
1 newform at level 34 of dimension 1
Newform #1 (34a)
 - Dimension: 1
 - Sign of functional equation = +1
 - Hecke field k_f = Q

Atkin-Lehner eigenvalues:
2:	-1
17:	1

a_p for first 25 primes:
2:	1	(AL eigenvalue = -1)
3:	-2
5:	0
7:	-4
11:	6
13:	2
17:	-1	(AL eigenvalue = 1)
19:	-4
23:	0
29:	0
31:	-4
37:	-4
41:	6
43:	8
47:	0
53:	-6
59:	0
61:	-4
67:	8
71:	0
73:	2
79:	8
83:	0
89:	-6
97:	14


>>>> Level 35
2 newforms at level 35 of dimensions [ 1 2 ]
Newform #1 (35a)
 - Dimension: 1
 - Sign of functional equation = +1
 - Hecke field k_f = Q

Atkin-Lehner eigenvalues:
5:	1
7:	-1

a_p for first 25 primes:
2:	0
3:	1
5:	-1	(AL eigenvalue = 1)
7:	1	(AL eigenvalue = -1)
11:	-3
13:	5
17:	3
19:	2
23:	-6
29:	3
31:	-4
37:	2
41:	-12
43:	-10
47:	9
53:	12
59:	0
61:	8
67:	-4
71:	0
73:	2
79:	-1
83:	12
89:	-12
97:	-1

Newform #2 (35b)
 - Dimension: 2
 - Sign of functional equation = +1
 - Hecke field k_f = Q(b) = Q[X]/(X^2-X-4)
 - Hecke order is equation order Z[b] but with non-standard basis.

Atkin-Lehner eigenvalues:
5:	-1
7:	1

Coordinates of power basis in Hecke order:
1	 = [0,1]
b	 = [1,1]

a_p for first 25 primes:
2:	[1,0]
3:	[-1,-1]
5:	[0,1]	(AL eigenvalue = -1)
7:	[0,-1]	(AL eigenvalue = 1)
11:	[1,1]
13:	[1,3]
17:	[-1,-3]
19:	[2,-2]
23:	[-2,-2]
29:	[-3,-1]
31:	[0,0]
37:	[0,6]
41:	[-2,0]
43:	[2,6]
47:	[3,-1]
53:	[2,0]
59:	[0,-4]
61:	[-6,0]
67:	[-4,0]
71:	[0,8]
73:	[4,-2]
79:	[-1,-5]
83:	[0,4]
89:	[2,4]
97:	[-5,-7]


>>>> Level 36
1 newform at level 36 of dimension 1
Newform #1 (36a)
 - Dimension: 1
 - Sign of functional equation = +1
 - Hecke field k_f = Q

Atkin-Lehner eigenvalues:
2:	-1
3:	1

a_p for first 25 primes:
2:	0	(AL eigenvalue = -1)
3:	0	(AL eigenvalue = 1)
5:	0
7:	-4
11:	0
13:	2
17:	0
19:	8
23:	0
29:	0
31:	-4
37:	-10
41:	0
43:	8
47:	0
53:	0
59:	0
61:	14
67:	-16
71:	0
73:	-10
79:	-4
83:	0
89:	0
97:	14


>>>> Level 37
2 newforms at level 37 of dimensions [ 1 1 ]
Newform #1 (37a)
 - Dimension: 1
 - Sign of functional equation = -1
 - Hecke field k_f = Q

Atkin-Lehner eigenvalues:
37:	1

a_p for first 25 primes:
2:	-2
3:	-3
5:	-2
7:	-1
11:	-5
13:	-2
17:	0
19:	0
23:	2
29:	6
31:	-4
37:	-1	(AL eigenvalue = 1)
41:	-9
43:	2
47:	-9
53:	1
59:	8
61:	-8
67:	8
71:	9
73:	-1
79:	4
83:	-15
89:	4
97:	4

Newform #2 (37b)
 - Dimension: 1
 - Sign of functional equation = +1
 - Hecke field k_f = Q

Atkin-Lehner eigenvalues:
37:	-1

a_p for first 25 primes:
2:	0
3:	1
5:	0
7:	-1
11:	3
13:	-4
17:	6
19:	2
23:	6
29:	-6
31:	-4
37:	1	(AL eigenvalue = -1)
41:	-9
43:	8
47:	3
53:	-3
59:	12
61:	8
67:	-4
71:	-15
73:	11
79:	-10
83:	9
89:	6
97:	8


>>>> Level 38
2 newforms at level 38 of dimensions [ 1 1 ]
Newform #1 (38a)
 - Dimension: 1
 - Sign of functional equation = +1
 - Hecke field k_f = Q

Atkin-Lehner eigenvalues:
2:	1
19:	-1

a_p for first 25 primes:
2:	-1	(AL eigenvalue = 1)
3:	1
5:	0
7:	-1
11:	-6
13:	5
17:	3
19:	1	(AL eigenvalue = -1)
23:	3
29:	9
31:	-4
37:	2
41:	0
43:	8
47:	0
53:	-3
59:	9
61:	-10
67:	5
71:	-6
73:	-7
79:	-10
83:	-6
89:	-12
97:	-10

Newform #2 (38b)
 - Dimension: 1
 - Sign of functional equation = +1
 - Hecke field k_f = Q

Atkin-Lehner eigenvalues:
2:	-1
19:	1

a_p for first 25 primes:
2:	1	(AL eigenvalue = -1)
3:	-1
5:	-4
7:	3
11:	2
13:	-1
17:	3
19:	-1	(AL eigenvalue = 1)
23:	-1
29:	-5
31:	-8
37:	-2
41:	-8
43:	4
47:	8
53:	-1
59:	15
61:	2
67:	3
71:	2
73:	9
79:	-10
83:	-6
89:	0
97:	-2


>>>> Level 39
2 newforms at level 39 of dimensions [ 1 2 ]
Newform #1 (39a)
 - Dimension: 1
 - Sign of functional equation = +1
 - Hecke field k_f = Q

Atkin-Lehner eigenvalues:
3:	1
13:	-1

a_p for first 25 primes:
2:	1
3:	-1	(AL eigenvalue = 1)
5:	2
7:	-4
11:	4
13:	1	(AL eigenvalue = -1)
17:	2
19:	0
23:	0
29:	-10
31:	4
37:	-2
41:	6
43:	-12
47:	0
53:	6
59:	12
61:	-2
67:	-8
71:	0
73:	2
79:	8
83:	4
89:	-2
97:	10

Newform #2 (39b)
 - Dimension: 2
 - Sign of functional equation = +1
 - Hecke field k_f = Q(b) = Q[X]/(X^2-2)
 - Hecke order is equation order Z[b] with standard basis.

Atkin-Lehner eigenvalues:
3:	-1
13:	1

a_p for first 25 primes:
2:	[-1,-1]
3:	[1,0]	(AL eigenvalue = -1)
5:	[0,2]
7:	[0,-2]
11:	[-2,0]
13:	[-1,0]	(AL eigenvalue = 1)
17:	[2,-4]
19:	[0,2]
23:	[-4,0]
29:	[2,0]
31:	[-4,-2]
37:	[-2,4]
41:	[8,2]
43:	[4,4]
47:	[-6,4]
53:	[-2,0]
59:	[2,-4]
61:	[2,-8]
67:	[4,-2]
71:	[2,0]
73:	[6,4]
79:	[0,8]
83:	[-2,-4]
89:	[12,-2]
97:	[-2,-4]


>>>> Level 40
1 newform at level 40 of dimension 1
Newform #1 (40a)
 - Dimension: 1
 - Sign of functional equation = +1
 - Hecke field k_f = Q

Atkin-Lehner eigenvalues:
2:	1
5:	-1

a_p for first 25 primes:
2:	0	(AL eigenvalue = 1)
3:	0
5:	1	(AL eigenvalue = -1)
7:	-4
11:	4
13:	-2
17:	2
19:	4
23:	4
29:	-2
31:	-8
37:	6
41:	-6
43:	-8
47:	4
53:	6
59:	-4
61:	-2
67:	8
71:	0
73:	-6
79:	0
83:	-16
89:	-6
97:	-14


>>>> Level 41
1 newform at level 41 of dimension 3
Newform #1 (41a)
 - Dimension: 3
 - Sign of functional equation = +1
 - Hecke field k_f = Q(a) = Q[X]/(X^3-X^2-3*X+1)
 - Hecke order is equation order Z[a] but with non-standard basis.

Atkin-Lehner eigenvalues:
41:	-1

Coordinates of power basis in Hecke order:
1	 = [0,0,1]
a	 = [0,1,0]
a^2	 = [1,1,2]

a_p for first 25 primes:
2:	[-1,-1,0]
3:	[1,0,0]
5:	[1,1,-1]
7:	[-1,0,2]
11:	[-1,2,0]
13:	[0,-2,0]
17:	[0,0,-2]
19:	[1,-2,2]
23:	[2,-2,2]
29:	[-2,0,-2]
31:	[-2,-2,6]
37:	[3,3,-3]
41:	[0,0,1]	(AL eigenvalue = -1)
43:	[0,2,-2]
47:	[3,6,-2]
53:	[-2,0,2]
59:	[2,-2,-2]
61:	[-2,-4,2]
67:	[1,-2,0]
71:	[-1,-4,8]
73:	[-1,7,-3]
79:	[1,2,10]
83:	[-4,0,0]
89:	[2,-6,0]
97:	[4,0,2]


>>>> Level 42
1 newform at level 42 of dimension 1
Newform #1 (42a)
 - Dimension: 1
 - Sign of functional equation = +1
 - Hecke field k_f = Q

Atkin-Lehner eigenvalues:
2:	-1
3:	1
7:	1

a_p for first 25 primes:
2:	1	(AL eigenvalue = -1)
3:	-1	(AL eigenvalue = 1)
5:	-2
7:	-1	(AL eigenvalue = 1)
11:	-4
13:	6
17:	2
19:	-4
23:	8
29:	-2
31:	0
37:	-10
41:	-6
43:	-4
47:	0
53:	6
59:	4
61:	6
67:	4
71:	8
73:	10
79:	0
83:	-4
89:	-6
97:	-14


>>>> Level 43
2 newforms at level 43 of dimensions [ 1 2 ]
Newform #1 (43a)
 - Dimension: 1
 - Sign of functional equation = -1
 - Hecke field k_f = Q

Atkin-Lehner eigenvalues:
43:	1

a_p for first 25 primes:
2:	-2
3:	-2
5:	-4
7:	0
11:	3
13:	-5
17:	-3
19:	-2
23:	-1
29:	-6
31:	-1
37:	0
41:	5
43:	-1	(AL eigenvalue = 1)
47:	4
53:	-5
59:	-12
61:	2
67:	-3
71:	2
73:	2
79:	-8
83:	15
89:	-4
97:	7

Newform #2 (43b)
 - Dimension: 2
 - Sign of functional equation = +1
 - Hecke field k_f = Q(b) = Q[X]/(X^2-2)
 - Hecke order is equation order Z[b] with standard basis.

Atkin-Lehner eigenvalues:
43:	-1

a_p for first 25 primes:
2:	[0,1]
3:	[0,-1]
5:	[2,-1]
7:	[-2,1]
11:	[-1,2]
13:	[1,2]
17:	[5,2]
19:	[-2,-2]
23:	[1,-4]
29:	[0,3]
31:	[-3,0]
37:	[0,-6]
41:	[-1,-2]
43:	[1,0]	(AL eigenvalue = -1)
47:	[6,0]
53:	[11,-2]
59:	[-2,2]
61:	[4,3]
67:	[1,6]
71:	[-6,-2]
73:	[-12,3]
79:	[2,-2]
83:	[9,4]
89:	[-6,-3]
97:	[-1,-2]


>>>> Level 44
1 newform at level 44 of dimension 1
Newform #1 (44a)
 - Dimension: 1
 - Sign of functional equation = +1
 - Hecke field k_f = Q

Atkin-Lehner eigenvalues:
2:	-1
11:	1

a_p for first 25 primes:
2:	0	(AL eigenvalue = -1)
3:	1
5:	-3
7:	2
11:	-1	(AL eigenvalue = 1)
13:	-4
17:	6
19:	8
23:	-3
29:	0
31:	5
37:	-1
41:	0
43:	-10
47:	0
53:	-6
59:	3
61:	-4
67:	-1
71:	15
73:	-4
79:	2
83:	6
89:	-9
97:	-7


>>>> Level 45
1 newform at level 45 of dimension 1
Newform #1 (45a)
 - Dimension: 1
 - Sign of functional equation = +1
 - Hecke field k_f = Q

Atkin-Lehner eigenvalues:
3:	-1
5:	1

a_p for first 25 primes:
2:	1
3:	0	(AL eigenvalue = -1)
5:	-1	(AL eigenvalue = 1)
7:	0
11:	4
13:	-2
17:	-2
19:	4
23:	0
29:	2
31:	0
37:	-10
41:	-10
43:	4
47:	-8
53:	10
59:	4
61:	-2
67:	12
71:	8
73:	10
79:	0
83:	-12
89:	6
97:	2


>>>> Level 46
1 newform at level 46 of dimension 1
Newform #1 (46a)
 - Dimension: 1
 - Sign of functional equation = +1
 - Hecke field k_f = Q

Atkin-Lehner eigenvalues:
2:	1
23:	-1

a_p for first 25 primes:
2:	-1	(AL eigenvalue = 1)
3:	0
5:	4
7:	-4
11:	2
13:	-2
17:	-2
19:	-2
23:	1	(AL eigenvalue = -1)
29:	2
31:	0
37:	-4
41:	6
43:	10
47:	0
53:	-4
59:	12
61:	-8
67:	-10
71:	0
73:	6
79:	-12
83:	14
89:	-6
97:	6


>>>> Level 47
1 newform at level 47 of dimension 4
Newform #1 (47a)
 - Dimension: 4
 - Sign of functional equation = +1
 - Hecke field k_f = Q(a) = Q[X]/(X^4-4*X^2-X+1)
 - Hecke order is equation order Z[a] but with non-standard basis.

Atkin-Lehner eigenvalues:
47:	-1

Coordinates of power basis in Hecke order:
1	 = [0,0,0,1]
a	 = [0,1,0,0]
a^2	 = [1,0,0,2]
a^3	 = [0,3,1,1]

a_p for first 25 primes:
2:	[1,0,-1,0]
3:	[-1,1,0,0]
5:	[0,0,2,0]
7:	[-1,-1,0,1]
11:	[0,2,-2,-2]
13:	[2,0,0,2]
17:	[-1,-3,2,2]
19:	[0,2,0,0]
23:	[2,2,-2,-2]
29:	[0,-2,2,-2]
31:	[-2,0,0,-2]
37:	[1,-1,-2,2]
41:	[-2,0,2,2]
43:	[4,-2,-2,0]
47:	[0,0,0,1]	(AL eigenvalue = -1)
53:	[-5,1,2,-1]
59:	[-1,-5,0,1]
61:	[3,-3,2,-1]
67:	[0,0,6,4]
71:	[1,-1,-4,-4]
73:	[-4,4,2,6]
79:	[1,-1,-4,4]
83:	[0,0,-4,4]
89:	[-1,-7,2,-1]
97:	[1,-5,6,9]


>>>> Level 48
1 newform at level 48 of dimension 1
Newform #1 (48a)
 - Dimension: 1
 - Sign of functional equation = +1
 - Hecke field k_f = Q

Atkin-Lehner eigenvalues:
2:	1
3:	-1

a_p for first 25 primes:
2:	0	(AL eigenvalue = 1)
3:	1	(AL eigenvalue = -1)
5:	-2
7:	0
11:	-4
13:	-2
17:	2
19:	4
23:	8
29:	6
31:	-8
37:	6
41:	-6
43:	-4
47:	0
53:	-2
59:	-4
61:	-2
67:	4
71:	-8
73:	10
79:	8
83:	4
89:	-6
97:	2


>>>> Level 49
1 newform at level 49 of dimension 1
Newform #1 (49a)
 - Dimension: 1
 - Sign of functional equation = +1
 - Hecke field k_f = Q

Atkin-Lehner eigenvalues:
7:	-1

a_p for first 25 primes:
2:	1
3:	0
5:	0
7:	0	(AL eigenvalue = -1)
11:	4
13:	0
17:	0
19:	0
23:	8
29:	2
31:	0
37:	-6
41:	0
43:	-12
47:	0
53:	-10
59:	0
61:	0
67:	4
71:	16
73:	0
79:	8
83:	0
89:	0
97:	0


>>>> Level 50
2 newforms at level 50 of dimensions [ 1 1 ]
Newform #1 (50a)
 - Dimension: 1
 - Sign of functional equation = +1
 - Hecke field k_f = Q

Atkin-Lehner eigenvalues:
2:	1
5:	-1

a_p for first 25 primes:
2:	-1	(AL eigenvalue = 1)
3:	1
5:	0	(AL eigenvalue = -1)
7:	2
11:	-3
13:	-4
17:	-3
19:	5
23:	6
29:	0
31:	2
37:	2
41:	-3
43:	-4
47:	12
53:	6
59:	0
61:	2
67:	-13
71:	12
73:	11
79:	-10
83:	-9
89:	15
97:	2

Newform #2 (50b)
 - Dimension: 1
 - Sign of functional equation = +1
 - Hecke field k_f = Q

Atkin-Lehner eigenvalues:
2:	-1
5:	1

a_p for first 25 primes:
2:	1	(AL eigenvalue = -1)
3:	-1
5:	0	(AL eigenvalue = 1)
7:	-2
11:	-3
13:	4
17:	3
19:	5
23:	-6
29:	0
31:	2
37:	-2
41:	-3
43:	4
47:	-12
53:	-6
59:	0
61:	2
67:	13
71:	12
73:	-11
79:	-10
83:	9
89:	15
97:	-2


>>>> Level 51
2 newforms at level 51 of dimensions [ 1 2 ]
Newform #1 (51a)
 - Dimension: 1
 - Sign of functional equation = +1
 - Hecke field k_f = Q

Atkin-Lehner eigenvalues:
3:	-1
17:	1

a_p for first 25 primes:
2:	0
3:	1	(AL eigenvalue = -1)
5:	3
7:	-4
11:	-3
13:	-1
17:	-1	(AL eigenvalue = 1)
19:	-1
23:	9
29:	6
31:	2
37:	-4
41:	-3
43:	-7
47:	-6
53:	-6
59:	6
61:	8
67:	-4
71:	12
73:	2
79:	-10
83:	-6
89:	0
97:	-16

Newform #2 (51b)
 - Dimension: 2
 - Sign of functional equation = +1
 - Hecke field k_f = Q(b) = Q[X]/(X^2-X-4)
 - Hecke order is equation order Z[b] with standard basis.

Atkin-Lehner eigenvalues:
3:	1
17:	-1

a_p for first 25 primes:
2:	[-1,1]
3:	[-1,0]	(AL eigenvalue = 1)
5:	[2,-1]
7:	[0,0]
11:	[0,-1]
13:	[2,1]
17:	[1,0]	(AL eigenvalue = -1)
19:	[0,3]
23:	[-4,-1]
29:	[-2,4]
31:	[0,-2]
37:	[-2,2]
41:	[-2,1]
43:	[0,-3]
47:	[-8,2]
53:	[6,-4]
59:	[4,-2]
61:	[6,-2]
67:	[4,0]
71:	[0,4]
73:	[-6,4]
79:	[0,6]
83:	[-4,-2]
89:	[2,2]
97:	[-6,-2]


>>>> Level 52
1 newform at level 52 of dimension 1
Newform #1 (52a)
 - Dimension: 1
 - Sign of functional equation = +1
 - Hecke field k_f = Q

Atkin-Lehner eigenvalues:
2:	-1
13:	1

a_p for first 25 primes:
2:	0	(AL eigenvalue = -1)
3:	0
5:	2
7:	-2
11:	-2
13:	-1	(AL eigenvalue = 1)
17:	6
19:	-6
23:	8
29:	2
31:	10
37:	-6
41:	-6
43:	4
47:	-2
53:	6
59:	-10
61:	-2
67:	10
71:	10
73:	2
79:	-4
83:	-6
89:	-6
97:	2


>>>> Level 53
2 newforms at level 53 of dimensions [ 1 3 ]
Newform #1 (53a)
 - Dimension: 1
 - Sign of functional equation = -1
 - Hecke field k_f = Q

Atkin-Lehner eigenvalues:
53:	1

a_p for first 25 primes:
2:	-1
3:	-3
5:	0
7:	-4
11:	0
13:	-3
17:	-3
19:	-5
23:	7
29:	-7
31:	4
37:	5
41:	6
43:	-2
47:	-2
53:	-1	(AL eigenvalue = 1)
59:	-2
61:	-8
67:	-12
71:	1
73:	-4
79:	-1
83:	-1
89:	-14
97:	1

Newform #2 (53b)
 - Dimension: 3
 - Sign of functional equation = +1
 - Hecke field k_f = Q(b) = Q[X]/(X^3-X^2-3*X+1)
 - Hecke order is equation order Z[b] but with non-standard basis.

Atkin-Lehner eigenvalues:
53:	-1

Coordinates of power basis in Hecke order:
1	 = [0,0,1]
b	 = [0,1,0]
b^2	 = [1,1,2]

a_p for first 25 primes:
2:	[0,-1,0]
3:	[-1,0,1]
5:	[1,1,-1]
7:	[1,1,1]
11:	[1,-1,-1]
13:	[0,0,1]
17:	[0,-2,-1]
19:	[0,-1,4]
23:	[2,3,0]
29:	[-3,1,-2]
31:	[-1,-5,1]
37:	[1,-5,0]
41:	[0,2,-4]
43:	[-3,3,5]
47:	[-2,2,-4]
53:	[0,0,1]	(AL eigenvalue = -1)
59:	[4,2,0]
61:	[3,5,-5]
67:	[3,-3,3]
71:	[-3,4,-3]
73:	[1,-3,3]
79:	[5,2,-3]
83:	[0,-3,10]
89:	[-4,-8,2]
97:	[5,5,-2]


>>>> Level 54
2 newforms at level 54 of dimensions [ 1 1 ]
Newform #1 (54a)
 - Dimension: 1
 - Sign of functional equation = +1
 - Hecke field k_f = Q

Atkin-Lehner eigenvalues:
2:	1
3:	-1

a_p for first 25 primes:
2:	-1	(AL eigenvalue = 1)
3:	0	(AL eigenvalue = -1)
5:	3
7:	-1
11:	-3
13:	-4
17:	0
19:	2
23:	-6
29:	6
31:	5
37:	2
41:	-6
43:	-10
47:	6
53:	9
59:	12
61:	8
67:	14
71:	0
73:	-7
79:	8
83:	-3
89:	-18
97:	-1

Newform #2 (54b)
 - Dimension: 1
 - Sign of functional equation = +1
 - Hecke field k_f = Q

Atkin-Lehner eigenvalues:
2:	-1
3:	1

a_p for first 25 primes:
2:	1	(AL eigenvalue = -1)
3:	0	(AL eigenvalue = 1)
5:	-3
7:	-1
11:	3
13:	-4
17:	0
19:	2
23:	6
29:	-6
31:	5
37:	2
41:	6
43:	-10
47:	-6
53:	-9
59:	-12
61:	8
67:	14
71:	0
73:	-7
79:	8
83:	3
89:	18
97:	-1


>>>> Level 55
2 newforms at level 55 of dimensions [ 1 2 ]
Newform #1 (55a)
 - Dimension: 1
 - Sign of functional equation = +1
 - Hecke field k_f = Q

Atkin-Lehner eigenvalues:
5:	-1
11:	1

a_p for first 25 primes:
2:	1
3:	0
5:	1	(AL eigenvalue = -1)
7:	0
11:	-1	(AL eigenvalue = 1)
13:	2
17:	6
19:	-4
23:	4
29:	6
31:	-8
37:	-2
41:	2
43:	4
47:	-12
53:	-2
59:	4
61:	-10
67:	-16
71:	8
73:	14
79:	8
83:	-4
89:	10
97:	10

Newform #2 (55b)
 - Dimension: 2
 - Sign of functional equation = +1
 - Hecke field k_f = Q(b) = Q[X]/(X^2-2)
 - Hecke order is equation order Z[b] with standard basis.

Atkin-Lehner eigenvalues:
5:	1
11:	-1

a_p for first 25 primes:
2:	[1,-1]
3:	[0,2]
5:	[-1,0]	(AL eigenvalue = 1)
7:	[-2,0]
11:	[1,0]	(AL eigenvalue = -1)
13:	[-4,-2]
17:	[4,-2]
19:	[0,0]
23:	[0,2]
29:	[2,4]
31:	[0,0]
37:	[-2,4]
41:	[6,0]
43:	[-6,0]
47:	[0,-2]
53:	[6,-4]
59:	[-4,-4]
61:	[2,8]
67:	[4,-6]
71:	[0,-8]
73:	[-4,-2]
79:	[4,0]
83:	[-6,0]
89:	[-2,8]
97:	[-2,-4]


>>>> Level 56
2 newforms at level 56 of dimensions [ 1 1 ]
Newform #1 (56a)
 - Dimension: 1
 - Sign of functional equation = +1
 - Hecke field k_f = Q

Atkin-Lehner eigenvalues:
2:	-1
7:	1

a_p for first 25 primes:
2:	0	(AL eigenvalue = -1)
3:	0
5:	2
7:	-1	(AL eigenvalue = 1)
11:	-4
13:	2
17:	-6
19:	8
23:	0
29:	6
31:	8
37:	-2
41:	2
43:	-4
47:	-8
53:	6
59:	0
61:	-6
67:	-4
71:	-8
73:	10
79:	16
83:	8
89:	-6
97:	-6

Newform #2 (56b)
 - Dimension: 1
 - Sign of functional equation = +1
 - Hecke field k_f = Q

Atkin-Lehner eigenvalues:
2:	1
7:	-1

a_p for first 25 primes:
2:	0	(AL eigenvalue = 1)
3:	2
5:	-4
7:	1	(AL eigenvalue = -1)
11:	0
13:	0
17:	-2
19:	-2
23:	8
29:	2
31:	4
37:	-6
41:	-2
43:	8
47:	-4
53:	-10
59:	6
61:	4
67:	-12
71:	0
73:	-14
79:	-8
83:	6
89:	10
97:	-2


>>>> Level 57
3 newforms at level 57 of dimensions [ 1 1 1 ]
Newform #1 (57a)
 - Dimension: 1
 - Sign of functional equation = -1
 - Hecke field k_f = Q

Atkin-Lehner eigenvalues:
3:	1
19:	1

a_p for first 25 primes:
2:	-2
3:	-1	(AL eigenvalue = 1)
5:	-3
7:	-5
11:	1
13:	2
17:	-1
19:	-1	(AL eigenvalue = 1)
23:	-4
29:	-2
31:	-6
37:	0
41:	0
43:	-1
47:	-9
53:	10
59:	-8
61:	-1
67:	8
71:	-12
73:	-11
79:	16
83:	12
89:	-6
97:	-10

Newform #2 (57b)
 - Dimension: 1
 - Sign of functional equation = +1
 - Hecke field k_f = Q

Atkin-Lehner eigenvalues:
3:	-1
19:	1

a_p for first 25 primes:
2:	-2
3:	1	(AL eigenvalue = -1)
5:	1
7:	3
11:	-3
13:	-6
17:	3
19:	-1	(AL eigenvalue = 1)
23:	4
29:	-10
31:	2
37:	8
41:	-8
43:	-1
47:	3
53:	-6
59:	0
61:	7
67:	8
71:	12
73:	-11
79:	0
83:	4
89:	10
97:	-2

Newform #3 (57c)
 - Dimension: 1
 - Sign of functional equation = +1
 - Hecke field k_f = Q

Atkin-Lehner eigenvalues:
3:	-1
19:	1

a_p for first 25 primes:
2:	1
3:	1	(AL eigenvalue = -1)
5:	-2
7:	0
11:	0
13:	6
17:	-6
19:	-1	(AL eigenvalue = 1)
23:	4
29:	2
31:	8
37:	-10
41:	-2
43:	-4
47:	12
53:	-6
59:	-12
61:	-2
67:	-4
71:	0
73:	10
79:	0
83:	16
89:	-2
97:	10


>>>> Level 58
2 newforms at level 58 of dimensions [ 1 1 ]
Newform #1 (58a)
 - Dimension: 1
 - Sign of functional equation = -1
 - Hecke field k_f = Q

Atkin-Lehner eigenvalues:
2:	1
29:	1

a_p for first 25 primes:
2:	-1	(AL eigenvalue = 1)
3:	-3
5:	-3
7:	-2
11:	-1
13:	3
17:	-4
19:	-8
23:	0
29:	-1	(AL eigenvalue = 1)
31:	3
37:	-8
41:	-2
43:	7
47:	11
53:	1
59:	-4
61:	4
67:	-4
71:	-2
73:	-12
79:	-7
83:	0
89:	-6
97:	-6

Newform #2 (58b)
 - Dimension: 1
 - Sign of functional equation = +1
 - Hecke field k_f = Q

Atkin-Lehner eigenvalues:
2:	-1
29:	1

a_p for first 25 primes:
2:	1	(AL eigenvalue = -1)
3:	-1
5:	1
7:	-2
11:	-3
13:	-1
17:	8
19:	0
23:	4
29:	-1	(AL eigenvalue = 1)
31:	-3
37:	8
41:	2
43:	-11
47:	13
53:	-11
59:	0
61:	-8
67:	-12
71:	2
73:	4
79:	15
83:	4
89:	-10
97:	-2


>>>> Level 59
1 newform at level 59 of dimension 5
Newform #1 (59a)
 - Dimension: 5
 - Sign of functional equation = +1
 - Hecke field k_f = Q(a) = Q[X]/(X^5-X^4-6*X^3+3*X^2+4*X-2)
 - Hecke order is equation order Z[a] but with non-standard basis.

Atkin-Lehner eigenvalues:
59:	-1

Coordinates of power basis in Hecke order:
1	 = [0,0,0,0,-1]
a	 = [0,0,1,1,0]
a^2	 = [-1,-1,0,1,-3]
a^3	 = [-2,0,5,6,-2]
a^4	 = [-7,-6,3,9,-16]

a_p for first 25 primes:
2:	[0,-1,0,1,0]
3:	[1,0,0,-1,1]
5:	[-1,0,-1,-1,-1]
7:	[1,1,0,-1,0]
11:	[0,0,0,2,0]
13:	[0,0,0,2,-2]
17:	[-1,-1,-3,-1,-1]
19:	[-1,0,1,-1,-1]
23:	[0,0,2,2,2]
29:	[1,3,2,-1,-2]
31:	[0,-4,-2,0,0]
37:	[2,0,2,0,-2]
41:	[1,2,0,-5,3]
43:	[0,0,-2,0,0]
47:	[0,2,0,-2,4]
53:	[1,-2,0,-1,3]
59:	[0,0,0,0,-1]	(AL eigenvalue = -1)
61:	[0,-4,0,2,-4]
67:	[-2,2,0,4,-2]
71:	[1,1,-1,1,-1]
73:	[-2,0,4,2,2]
79:	[-3,0,0,-1,-3]
83:	[-2,2,6,0,0]
89:	[4,0,0,-2,0]
97:	[0,2,2,4,4]


>>>> Level 60
0 newforms at level 60

