Positive discriminants  up  to 200
1 reduced cubics with discriminant 49 : [ [1,-2,-1,1] ]
1 reduced cubics with discriminant 81 : [ [1,-3,0,1] ]
1 reduced cubics with discriminant 108 : [ [1,0,-3,0] ]
1 reduced cubics with discriminant 117 : [ [0,-3,-1,1] ]
1 reduced cubics with discriminant 125 : [ [1,2,-2,-1] ]
2 reduced cubics with discriminant 148 : [ [1,-1,-3,1] [1,1,-3,-1] ]
1 reduced cubics with discriminant 169 : [ [1,-4,1,1] ]
Negative discriminants down to -200
1 reduced cubics with discriminant -16 : [ [1,1,1,1] ]
1 reduced cubics with discriminant -23 : [ [1,-1,0,1] ]
1 reduced cubics with discriminant -27 : [ [1,0,0,1] ]
1 reduced cubics with discriminant -28 : [ [0,2,1,1] ]
1 reduced cubics with discriminant -31 : [ [1,1,0,1] ]
1 reduced cubics with discriminant -32 : [ [0,2,0,1] ]
1 reduced cubics with discriminant -44 : [ [1,-1,1,1] ]
1 reduced cubics with discriminant -59 : [ [1,2,0,1] ]
1 reduced cubics with discriminant -72 : [ [1,-2,3,0] ]
1 reduced cubics with discriminant -76 : [ [1,1,3,1] ]
1 reduced cubics with discriminant -83 : [ [1,1,1,2] ]
1 reduced cubics with discriminant -87 : [ [1,-1,2,1] ]
1 reduced cubics with discriminant -99 : [ [1,-1,3,0] ]
1 reduced cubics with discriminant -100 : [ [1,-1,0,2] ]
1 reduced cubics with discriminant -104 : [ [1,0,-1,2] ]
2 reduced cubics with discriminant -107 : [ [1,2,4,1] [1,-2,4,-1] ]
2 reduced cubics with discriminant -108 : [ [1,0,0,2] [1,0,3,0] ]
1 reduced cubics with discriminant -112 : [ [1,0,1,2] ]
1 reduced cubics with discriminant -116 : [ [1,1,0,2] ]
1 reduced cubics with discriminant -135 : [ [1,0,3,1] ]
1 reduced cubics with discriminant -139 : [ [1,-1,1,2] ]
1 reduced cubics with discriminant -140 : [ [1,0,2,2] ]
1 reduced cubics with discriminant -147 : [ [1,1,-1,2] ]
1 reduced cubics with discriminant -152 : [ [1,1,-2,2] ]
1 reduced cubics with discriminant -172 : [ [1,2,0,2] ]
1 reduced cubics with discriminant -175 : [ [1,-2,3,1] ]
1 reduced cubics with discriminant -176 : [ [1,-1,3,1] ]
1 reduced cubics with discriminant -192 : [ [1,-2,4,0] ]
2 reduced cubics with discriminant -199 : [ [1,-1,4,-1] [1,1,4,1] ]
1 reduced cubics with discriminant -200 : [ [1,-1,2,2] ]

