See detail? Enter first and last N: 

Table of curves computed from newforms via periods
(reordered to agree with Book for levels up to 1000)
(reordered to agree with LMFDB for levels over 1000)
Retrieving newform data for N = 90
Finished reading newform data for N = 90

Form number 1: 
aplist = [ -1 0 1 2 6 -4 -6 -4 0 -6 -4 8 0 8 0 -6 6 2 -4 -12 ...]
aq = [ 1 1 -1 ]
ap0 = 2, dp0 = 4, np0 = 6
SFE = 1,	L/P = 2/3
lplus = 1, mplus = 1
lminus = 7, mminus = 4
[(-77,2;-3,7),1,1;1]
Finding periods -- via L(f_chi) using twists by 1 and 7
[w_1,w_2] = [(1.22996768558697049518,1.14635616957311248404),(-1.22996768558697049518,1.14635616957311248404)]
tau       = (-0.0702834613166299234482,0.997527059816100319681) (abs(tau)=1)
w_R = (-2.45993537117394099035,0)	w_IR = (-1.22996768558697049518,-1.14635616957311248404)

c4 = -279
c6 = -1269
After rounding, using factors 3 for c4 and 3 for c6:
ic4 = -279
ic6 = -1269
Lattice type checks OK
Real period checks OK
Imag period checks OK
Curve = 	[1,-1,0,6,0]	N = 90


Form number 2: 
aplist = [ 1 0 -1 2 -6 -4 6 -4 0 6 -4 8 0 8 0 6 -6 2 -4 12 ...]
aq = [ -1 1 1 ]
ap0 = 2, dp0 = 4, np0 = 6
SFE = 1,	L/P = 2/3
lplus = 1, mplus = 1
lminus = 7, mminus = 12
[(-77,2;-3,7),1,1;1]
Finding periods -- via L(f_chi) using twists by 1 and 7
[w_1,w_2] = [(0,-1.42024434873635680197),(1.98554712927067431865,-0.710122174368178400985)]
tau       = (0.5,1.39803205767886914598) (abs(tau)=1.48475372850106455176)
w_R = (-3.9710942585413486373,0)	w_IR = (-1.98554712927067431865,-0.710122174368178400985)

c4 = 369
c6 = -8073
After rounding, using factors 3 for c4 and 3 for c6:
ic4 = 369
ic6 = -8073
Lattice type checks OK
Real period checks OK
Imag period checks OK
Curve = 	[1,-1,1,-8,11]	N = 90


Form number 3: 
aplist = [ 1 0 1 -4 0 2 -6 -4 0 6 8 2 6 -4 0 6 0 -10 -4 0 ...]
aq = [ -1 -1 -1 ]
ap0 = -4, dp0 = 24, np0 = 12
SFE = 1,	L/P = 2
lplus = 1, mplus = 1
lminus = 7, mminus = 8
[(13,1;1,7),2,2;1]
Finding periods -- via L(f_chi) using twists by 1 and 7
[w_1,w_2] = [(0.668797997294324252883,0.967624114891387731153),(-0.668797997294324252883,0.967624114891387731153)]
tau       = (0.353433213646420348629,0.935459760487624496438) (abs(tau)=1)
w_R = (-1.33759599458864850577,0)	w_IR = (-0.668797997294324252883,-0.967624114891387731153)

c4 = -639
c6 = 49599
After rounding, using factors 3 for c4 and 3 for c6:
ic4 = -639
ic6 = 49599
Lattice type checks OK
Real period checks OK
Imag period checks OK
Curve = 	[1,-1,1,13,-61]	N = 90

