Program makensp: constructing newforms of arbitrary dimension.


>>>> Level 11
Found 1 homological newform at level 11 of dimension 1
Full eigensystems

Newform #1 (11-a)
 - Dimension: 1
 - Sign of functional equation = +1
 - Hecke field k_f = Q

Atkin-Lehner eigenvalues:
11:	-1

a_p for first 25 primes:
2:	-2
3:	-1
5:	1
7:	-2
11:	1	(AL eigenvalue = -1)
13:	4
17:	-2
19:	0
23:	-1
29:	0
31:	7
37:	3
41:	-8
43:	-6
47:	8
53:	-6
59:	5
61:	12
67:	-7
71:	-3
73:	4
79:	-10
83:	-6
89:	15
97:	-7

First 98 traces: [ 0 1 -2 -1 6 1 2 -2 -16 4 -2 1 -6 4 4 -1 44 -2 -8 0 6 2 -2 -1 16 6 -8 -7 -12 0 2 7 -120 -1 4 -2 24 3 0 -4 -16 -8 -4 -6 6 4 2 8 -44 11 -12 2 24 -6 14 1 32 0 0 5 -6 12 -14 -8 328 4 2 -7 -12 1 4 -3 -64 4 -6 -6 0 -2 8 -10 44 19 16 -6 12 -2 12 0 -16 15 -8 -8 -6 -7 -16 0 120 -7 ]



