    37 a   1 [0,0,1,-1,0]	1	1	1	5.986917292	0.3059997738	0.05111140824	1
    37 b   1 [0,1,1,-23,-50]	0	3	3	2.177043186	0.7256810619	1	1
    37 b   2 [0,1,1,-3,1]	0	3	1	6.531129557	0.7256810619	1	1
    37 b   3 [0,1,1,-1873,-31833]	0	1	1	0.7256810619	0.7256810619	1	1
    90 a   1 [1,-1,0,6,0]	0	6	12	2.459935371	0.8199784571	1	1
    90 a   2 [1,-1,0,-24,18]	0	6	12	2.459935371	0.8199784571	1	1
    90 a   3 [1,-1,0,-69,-235]	0	2	4	0.8199784571	0.8199784571	1	1
    90 a   4 [1,-1,0,-1149,-14707]	0	2	4	0.8199784571	0.8199784571	1	1
    90 b   1 [1,-1,1,-8,11]	0	6	12	3.971094259	1.323698086	1	1
    90 b   2 [1,-1,1,-128,587]	0	6	12	3.971094259	1.323698086	1	1
    90 b   3 [1,-1,1,52,-53]	0	2	4	1.323698086	1.323698086	1	1
    90 b   4 [1,-1,1,-218,-269]	0	2	4	1.323698086	1.323698086	1	1
    90 c   1 [1,-1,1,13,-61]	0	4	16	1.337595995	1.337595995	1	1
    90 c   2 [1,-1,1,-167,-709]	0	4	16	1.337595995	1.337595995	1	1
    90 c   3 [1,-1,1,-122,1721]	0	12	144	1.337595995	1.337595995	1	1
    90 c   4 [1,-1,1,-617,5231]	0	2	4	1.337595995	1.337595995	1	1
    90 c   5 [1,-1,1,-2597,-50281]	0	2	8	0.6687979973	1.337595995	1	1
    90 c   6 [1,-1,1,-3002,63929]	0	12	144	1.337595995	1.337595995	1	1
    90 c   7 [1,-1,1,-48002,4059929]	0	6	36	1.337595995	1.337595995	1	1
    90 c   8 [1,-1,1,-4082,14681]	0	6	72	0.6687979973	1.337595995	1	1
   389 a   1 [0,1,1,-2,0]	2	1	1	4.980425122	0.7593165003	0.1524601779	1
