Testing some points:
The points are P0 = [0:2:1], P1 = [1:0:1], and P2 = [2:0:1]
Curve [0,0,1,-7,6]
Periods: [w_1,w_2] = [(-0,-1.4805482682414148332128434049081988632678985595703),(2.0758439915434667710769645054824650287628173828125,0)]
tau       = (-0,1.4020778897057777356849328498356044292449951171875) (abs(tau)=1.4020778897057777356849328498356044292449951171875)
w_R = (2.0758439915434667710769645054824650287628173828125,0)	w_I = (0,1.4805482682414148332128434049081988632678985595703)


Elliptic log of P is (0.54656290832212006680634885924519039690494537353516,0.74027413412070741660642170245409943163394927978516)
Reconstructed P = [0:2:1]
OK!

Elliptic log of P is (0.90382935626866867107054304142366163432598114013672,0.74027413412070741660642170245409943163394927978516)
Reconstructed P = [1:0:1]
OK!

Elliptic log of P is (1.1471999467104696535102448251564055681228637695312,0)
Reconstructed P = [2:0:1]
OK!

Elliptic log of P is (1.0931258166442483492630799446487799286842346191406,0)
Reconstructed P = [245:-32:125]
OK!

Elliptic log of P is (1.8076587125373424491669993585674092173576354980469,0)
Reconstructed P = [14:51:1]
OK!

Elliptic log of P is (0.21855590187746481989350399999239016324281692504883,0)
Reconstructed P = [21:-96:1]
OK!

Elliptic log of P is (1.4503922645907922905905707011697813868522644042969,0)
Reconstructed P = [3:3:1]
OK!

Elliptic log of P is (1.8324734011016721169085030851420015096664428710938,0.74027413412070741660642170245409943163394927978516)
Reconstructed P = [-2:-4:1]
OK!

Elliptic log of P is (0.60063703838834492376719254025374539196491241455078,0.74027413412070741660642170245409943163394927978516)
Reconstructed P = [2:13:8]
OK!

(m*[0:2:1])/m = [ [0:2:1] ]
Checking...
[0:2:1] OK

(m*[0:2:1])/m = [ [0:2:1] ]
Checking...
[0:2:1] OK

(m*[0:2:1])/m = [ [0:2:1] ]
Checking...
[0:2:1] OK

================================ 
Curve [1,1,0,-202,1025]
Periods: [w_1,w_2] = [(-8.8817841970012523233890533447265625e-16,0.63277902985125611401429068791912868618965148925781),(-2.0131613909419354691010539681883528828620910644531,-0.31638951492552935818025616754312068223953247070312)]
tau       = (-0.49999999999983957277294166487990878522396087646484,3.1814603455098042772419830725993961095809936523438) (abs(tau)=3.2205108181857116100843541062204167246818542480469)
w_R = (4.0263227818838718263805276365019381046295166015625,-1.9740323181313058547029776544906861531999443803986e-13)	w_IR = (2.0131613909419354691010539681883528828620910644531,0.31638951492552935818025616754312068223953247070312)


The point Q is = [-8:51:1]
Elliptic log of P is (2.1525156669499114769905645516701042652130126953125,0)
Reconstructed P = [-8:51:1]
The point P3 is = [8:-3:1]
Elliptic log of P is (3.4017204102350024896850300137884914875030517578125,0)
Reconstructed P = [8:-3:1]
(m*[8:-3:1])/m = [ [8:-3:1] ]
Checking...
[8:-3:1] OK

================================ 
