Computed 78519 primes, largest is 1000253
Extra primes in list: 
Input a curve: Curve [1,0,0,-9632000,11505156432]
b2 = 1	 b4 = -19264000	 b6 = 46020625728	 b8 = -92763918843568
c4 = 462336001		c6 = -9941148661249
disc = 1806000	(# real components = 2)
#torsion not yet computed

Input a point on curve, [0] to finish:
Point [1794:-732:1] has infinite order
Local heights:
Sum so far =	0
log(den(x(P))) = 0
2:		-0.51986038541995893691449737161747179925441741943359375
3:		0
5:		-1.07295860828940003983689166489057242870330810546875
7:		0
43:		0
Sum so far =	-1.592818993709359087773691499023698270320892333984375
R:		2.685359740281072493672809287090785801410675048828125

Sum of local heights: 1.09254074657171340589911778806708753108978271484375
global height of [1794:-732:1] is 1.09254074657171340589911778806708753108978271484375
Input a point on curve, [0] to finish:
Input a curve: 

Testing points on the curve [0,0,1,-7,6]
The points are P0 = [0:2:1], P1 = [1:0:1], and P2 = [2:0:1]
Their negatives are -P0 = [0:-3:1], -P1 = [1:-1:1], and -P2 = [2:-1:1]
Computing their heights:
Heights are 0.9909063331530878482311663901782594621181488037109375, 0.6682051656519278903800795887946151196956634521484375, and 0.767043355331546106157247777446173131465911865234375
The origin is [0:1:0]
Now some additions etc,:
P0 + P1 = [3:3:1]
P0 - P1 = [8:21:1]
P0 - P1 - P2 = [93:-143:27]
P0.twice() = [245:-32:125]
P0 + P0 = [245:-32:125]
3*P0 = [-74725:-438957:117649]
P0 - P0 = [0:1:0]
P0 +3 P1 - P2 = [816:-23310:1]
2P0 +2 P1 + P2 = [93:896:1]
P0 -P1 -P2 = [93:-143:27]
	 with height 3.51888325553914160792601251159794628620147705078125
2 (P0 -P1 -P2) = [936156018:-10370368:469097433]
	 with height 14.075533022156566431704050046391785144805908203125
The quotient is 4
3 (P0 -P1 -P2) = [141154686087724689336:364929251737439849995:18067866971533021791]
	 with height 31.669949299852273583155692904256284236907958984375
The quotient is 9
The regulator of P0, P1, P2 is 0.417143558758383881102105306126759387552738189697265625
