Input curve = [0,0,1,-7,6]:
Minimal model = [0,0,1,-7,6]
Periods: [w_1,w_2] = [(0,-1.4805482682414149933073311106409602506642033146287),(2.0758439915434665249420878417536431498858141282849,0)]
tau       = (0,1.4020778897057774955179040745500506975747935056134) (abs(tau)=1.4020778897057774955179040745500506975747935056134)
w_R = (2.0758439915434665249420878417536431498858141282849,0)	w_I = (0,1.4805482682414149933073311106409602506642033146287)

Curve from periods: [0,0,1,-7,6]
Input curve = [0,0,0,0,1024]:
Minimal model = [0,0,1,0,0]
Periods: [w_1,w_2] = [(-2.6499581254281749359705342494726580538578028073037,-1.529954037057192874913194172308824358572828947161),(2.6499581254281749359705342494726580538578028073038,-1.529954037057192874913194172308824358572828947161)]
tau       = (-0.49999999999999999999999999999999999999999999999998,0.86602540378443864676372317075293618347140262690524) (abs(tau)=1)
w_R = (5.2999162508563498719410684989453161077156056146076,0)	w_IR = (2.6499581254281749359705342494726580538578028073037,1.529954037057192874913194172308824358572828947161)

Curve from periods: [0,0,1,0,0]
Input curve = [0,0,0,-16/9,0]:
Minimal model = [0,0,0,-9,0]
Periods: [w_1,w_2] = [(1.5138456348012471454717362566781957801974612083004,0),(0,1.5138456348012471454717362566781957801974612083004)]
tau       = (0,1) (abs(tau)=1)
w_R = (1.5138456348012471454717362566781957801974612083004,0)	w_I = (0,1.5138456348012471454717362566781957801974612083004)

Curve from periods: [0,0,0,-9,0]
Input curve = [0,0,0,16/9,0]:
Minimal model = [0,0,0,9,0]
Periods: [w_1,w_2] = [(-1.0704505140376155993171555258476451509529488959056,-1.0704505140376155993171555258476451509529488959056),(1.0704505140376155993171555258476451509529488959056,-1.0704505140376155993171555258476451509529488959056)]
tau       = (0,1) (abs(tau)=1)
w_R = (2.1409010280752311986343110516952903019058977918112,0)	w_IR = (1.0704505140376155993171555258476451509529488959056,1.0704505140376155993171555258476451509529488959056)

Curve from periods: [0,0,0,9,0]
