Input curve = [0,0,1,-7,6]:
Minimal model = [0,0,1,-7,6]
Periods: [w_1,w_2] = [(-0,-1.48054826824141),(2.07584399154347,0)]
tau       = (-0,1.40207788970578) (abs(tau)=1.40207788970578)
w_R = (2.07584399154347,0)	w_I = (0,1.48054826824141)

Curve from periods: [0,0,1,-7,6]
Input curve = [0,0,0,0,1024]:
Minimal model = [0,0,1,0,0]
Periods: [w_1,w_2] = [(2.64995812542817,-1.52995403705719),(0,3.05990807411439)]
tau       = (-0.5,0.866025403784439) (abs(tau)=1)
w_R = (5.29991625085635,0)	w_IR = (2.64995812542817,1.52995403705719)

Curve from periods: [0,0,1,0,0]
Input curve = [0,0,0,-16/9,0]:
Minimal model = [0,0,0,-9,0]
Periods: [w_1,w_2] = [(1.51384563480125,0),(0,1.51384563480125)]
tau       = (0,1) (abs(tau)=1)
w_R = (1.51384563480125,0)	w_I = (0,1.51384563480125)

Curve from periods: [0,0,0,-9,0]
Input curve = [0,0,0,16/9,0]:
Minimal model = [0,0,0,9,0]
Periods: [w_1,w_2] = [(1.07045051403762,-1.07045051403762),(1.07045051403762,1.07045051403762)]
tau       = (0,1) (abs(tau)=1)
w_R = (2.14090102807523,0)	w_IR = (1.07045051403762,1.07045051403762)

Curve from periods: [0,0,0,9,0]
